{
  "stats": {
    "suites": 6,
    "tests": 23,
    "passes": 23,
    "pending": 0,
    "failures": 0,
    "start": "2025-07-23T15:25:29.688Z",
    "end": "2025-07-23T15:26:50.155Z",
    "duration": 80467,
    "testsRegistered": 23,
    "passPercent": 100,
    "pendingPercent": 0,
    "other": 0,
    "hasOther": false,
    "skipped": 0,
    "hasSkipped": false
  },
  "results": [
    {
      "uuid": "88a36026-d212-4243-ae4f-1bb1818087f1",
      "title": "",
      "fullFile": "cypress/e2e/lesson19/registrationNegativecase.cy.js",
      "file": "cypress/e2e/lesson19/registrationNegativecase.cy.js",
      "beforeHooks": [],
      "afterHooks": [],
      "tests": [],
      "suites": [
        {
          "uuid": "b0bbd987-997d-44a8-b39a-ac35eb5e6f27",
          "title": "Registration Fields Validation",
          "fullFile": "",
          "file": "",
          "beforeHooks": [],
          "afterHooks": [],
          "tests": [],
          "suites": [
            {
              "uuid": "ec7ac922-2e4d-442e-b558-ce0fbff33afb",
              "title": "Name Field",
              "fullFile": "",
              "file": "",
              "beforeHooks": [],
              "afterHooks": [],
              "tests": [
                {
                  "title": "should show red border and validation message when empty",
                  "fullTitle": "Registration Fields Validation Name Field should show red border and validation message when empty",
                  "timedOut": null,
                  "duration": 4278,
                  "state": "passed",
                  "speed": "fast",
                  "pass": true,
                  "fail": false,
                  "pending": false,
                  "context": null,
                  "code": "cy.get('#signupName').focus().blur().should('have.css', 'border-color', 'rgb(220, 53, 69)');\ncy.contains('Name required').should('be.visible');\ncy.contains('button', 'Register').should('be.disabled');",
                  "err": {},
                  "uuid": "6912631f-8cfb-4113-bba1-66c3eb24653a",
                  "parentUUID": "ec7ac922-2e4d-442e-b558-ce0fbff33afb",
                  "isHook": false,
                  "skipped": false
                },
                {
                  "title": "should show validation error if non-English characters provided",
                  "fullTitle": "Registration Fields Validation Name Field should show validation error if non-English characters provided",
                  "timedOut": null,
                  "duration": 3311,
                  "state": "passed",
                  "speed": "fast",
                  "pass": true,
                  "fail": false,
                  "pending": false,
                  "context": null,
                  "code": "cy.get('#signupName').type('Олена').blur().should('have.css', 'border-color', 'rgb(220, 53, 69)');\ncy.contains('Name is invalid').should('be.visible');\ncy.contains('button', 'Register').should('be.disabled');",
                  "err": {},
                  "uuid": "469ebfbc-4145-46e0-8bd9-dab82da68de7",
                  "parentUUID": "ec7ac922-2e4d-442e-b558-ce0fbff33afb",
                  "isHook": false,
                  "skipped": false
                },
                {
                  "title": "should show error if less than 2 characters",
                  "fullTitle": "Registration Fields Validation Name Field should show error if less than 2 characters",
                  "timedOut": null,
                  "duration": 3162,
                  "state": "passed",
                  "speed": "fast",
                  "pass": true,
                  "fail": false,
                  "pending": false,
                  "context": null,
                  "code": "cy.get('#signupName').type('A').blur().should('have.css', 'border-color', 'rgb(220, 53, 69)');\ncy.contains('Name has to be from 2 to 20 characters long').should('be.visible');\ncy.contains('button', 'Register').should('be.disabled');",
                  "err": {},
                  "uuid": "961d5e62-8d58-4494-bec0-4084dc9a28d2",
                  "parentUUID": "ec7ac922-2e4d-442e-b558-ce0fbff33afb",
                  "isHook": false,
                  "skipped": false
                },
                {
                  "title": "should show error if input less than 2 characters after trimming",
                  "fullTitle": "Registration Fields Validation Name Field should show error if input less than 2 characters after trimming",
                  "timedOut": null,
                  "duration": 3243,
                  "state": "passed",
                  "speed": "fast",
                  "pass": true,
                  "fail": false,
                  "pending": false,
                  "context": null,
                  "code": "cy.get('#signupName').type(' A ').blur().should('have.css', 'border-color', 'rgb(220, 53, 69)');\ncy.contains('Name is invalid').should('be.visible');\ncy.contains('button', 'Register').should('be.disabled');",
                  "err": {},
                  "uuid": "250d4db4-edf6-4de7-9b18-c8c044a75e52",
                  "parentUUID": "ec7ac922-2e4d-442e-b558-ce0fbff33afb",
                  "isHook": false,
                  "skipped": false
                },
                {
                  "title": "should show error if more than 20 characters",
                  "fullTitle": "Registration Fields Validation Name Field should show error if more than 20 characters",
                  "timedOut": null,
                  "duration": 3524,
                  "state": "passed",
                  "speed": "fast",
                  "pass": true,
                  "fail": false,
                  "pending": false,
                  "context": null,
                  "code": "cy.get('#signupName').type('Alexanderlongtestname').blur().should('have.css', 'border-color', 'rgb(220, 53, 69)');\ncy.contains('Name has to be from 2 to 20 characters long').should('be.visible');\ncy.contains('button', 'Register').should('be.disabled');",
                  "err": {},
                  "uuid": "6d04b535-5b6e-46e6-b689-d9bcce67460f",
                  "parentUUID": "ec7ac922-2e4d-442e-b558-ce0fbff33afb",
                  "isHook": false,
                  "skipped": false
                }
              ],
              "suites": [],
              "passes": [
                "6912631f-8cfb-4113-bba1-66c3eb24653a",
                "469ebfbc-4145-46e0-8bd9-dab82da68de7",
                "961d5e62-8d58-4494-bec0-4084dc9a28d2",
                "250d4db4-edf6-4de7-9b18-c8c044a75e52",
                "6d04b535-5b6e-46e6-b689-d9bcce67460f"
              ],
              "failures": [],
              "pending": [],
              "skipped": [],
              "duration": 17518,
              "root": false,
              "rootEmpty": false,
              "_timeout": 2000
            },
            {
              "uuid": "67b3020e-a18c-4a97-8761-d28b910879dd",
              "title": "Last Name Field",
              "fullFile": "",
              "file": "",
              "beforeHooks": [],
              "afterHooks": [],
              "tests": [
                {
                  "title": "should show red border and validation message when empty",
                  "fullTitle": "Registration Fields Validation Last Name Field should show red border and validation message when empty",
                  "timedOut": null,
                  "duration": 3177,
                  "state": "passed",
                  "speed": "fast",
                  "pass": true,
                  "fail": false,
                  "pending": false,
                  "context": null,
                  "code": "cy.get('#signupLastName').focus().blur().should('have.css', 'border-color', 'rgb(220, 53, 69)');\ncy.contains('Last name required').should('be.visible');\ncy.contains('button', 'Register').should('be.disabled');",
                  "err": {},
                  "uuid": "6682454f-8530-4e7f-8c3f-182873f2487c",
                  "parentUUID": "67b3020e-a18c-4a97-8761-d28b910879dd",
                  "isHook": false,
                  "skipped": false
                },
                {
                  "title": "should show validation error if non-English characters provided",
                  "fullTitle": "Registration Fields Validation Last Name Field should show validation error if non-English characters provided",
                  "timedOut": null,
                  "duration": 3430,
                  "state": "passed",
                  "speed": "fast",
                  "pass": true,
                  "fail": false,
                  "pending": false,
                  "context": null,
                  "code": "cy.get('#signupLastName').type('Терещенко').blur().should('have.css', 'border-color', 'rgb(220, 53, 69)');\ncy.contains('Last name is invalid').should('be.visible');\ncy.contains('button', 'Register').should('be.disabled');",
                  "err": {},
                  "uuid": "e4924cd1-3449-46b5-822f-d79e2a6eb123",
                  "parentUUID": "67b3020e-a18c-4a97-8761-d28b910879dd",
                  "isHook": false,
                  "skipped": false
                },
                {
                  "title": "should show error if less than 2 characters",
                  "fullTitle": "Registration Fields Validation Last Name Field should show error if less than 2 characters",
                  "timedOut": null,
                  "duration": 3283,
                  "state": "passed",
                  "speed": "fast",
                  "pass": true,
                  "fail": false,
                  "pending": false,
                  "context": null,
                  "code": "cy.get('#signupLastName').type('A').blur().should('have.css', 'border-color', 'rgb(220, 53, 69)');\ncy.contains('Last name has to be from 2 to 20 characters long').should('be.visible');\ncy.contains('button', 'Register').should('be.disabled');",
                  "err": {},
                  "uuid": "dc3d23a6-7551-42c7-ac9e-735b5325a056",
                  "parentUUID": "67b3020e-a18c-4a97-8761-d28b910879dd",
                  "isHook": false,
                  "skipped": false
                },
                {
                  "title": "should show error if input less than 2 characters after trimming",
                  "fullTitle": "Registration Fields Validation Last Name Field should show error if input less than 2 characters after trimming",
                  "timedOut": null,
                  "duration": 3351,
                  "state": "passed",
                  "speed": "fast",
                  "pass": true,
                  "fail": false,
                  "pending": false,
                  "context": null,
                  "code": "cy.get('#signupLastName').type(' A ').blur().should('have.css', 'border-color', 'rgb(220, 53, 69)');\ncy.contains('Last name is invalid').should('be.visible');\ncy.contains('button', 'Register').should('be.disabled');",
                  "err": {},
                  "uuid": "0b85a969-bea4-412a-abf5-c70722b2acd9",
                  "parentUUID": "67b3020e-a18c-4a97-8761-d28b910879dd",
                  "isHook": false,
                  "skipped": false
                },
                {
                  "title": "should show error if more than 20 characters",
                  "fullTitle": "Registration Fields Validation Last Name Field should show error if more than 20 characters",
                  "timedOut": null,
                  "duration": 3518,
                  "state": "passed",
                  "speed": "fast",
                  "pass": true,
                  "fail": false,
                  "pending": false,
                  "context": null,
                  "code": "cy.get('#signupLastName').type('Alexanderlongtestname').blur().should('have.css', 'border-color', 'rgb(220, 53, 69)');\ncy.contains('Last name has to be from 2 to 20 characters long').should('be.visible');\ncy.contains('button', 'Register').should('be.disabled');",
                  "err": {},
                  "uuid": "5c39aceb-1c43-4f3c-bf6a-0e1efc211b4f",
                  "parentUUID": "67b3020e-a18c-4a97-8761-d28b910879dd",
                  "isHook": false,
                  "skipped": false
                }
              ],
              "suites": [],
              "passes": [
                "6682454f-8530-4e7f-8c3f-182873f2487c",
                "e4924cd1-3449-46b5-822f-d79e2a6eb123",
                "dc3d23a6-7551-42c7-ac9e-735b5325a056",
                "0b85a969-bea4-412a-abf5-c70722b2acd9",
                "5c39aceb-1c43-4f3c-bf6a-0e1efc211b4f"
              ],
              "failures": [],
              "pending": [],
              "skipped": [],
              "duration": 16759,
              "root": false,
              "rootEmpty": false,
              "_timeout": 2000
            },
            {
              "uuid": "28aa0d49-9f3b-4b1e-a3ce-69d0a6e4a614",
              "title": "Email Field",
              "fullFile": "",
              "file": "",
              "beforeHooks": [],
              "afterHooks": [],
              "tests": [
                {
                  "title": "should show validation error for invalid email: plainaddress",
                  "fullTitle": "Registration Fields Validation Email Field should show validation error for invalid email: plainaddress",
                  "timedOut": null,
                  "duration": 3551,
                  "state": "passed",
                  "speed": "fast",
                  "pass": true,
                  "fail": false,
                  "pending": false,
                  "context": null,
                  "code": "cy.get('#signupEmail').type(email).blur().should('have.css', 'border-color', 'rgb(220, 53, 69)');\ncy.contains('Email is incorrect').should('be.visible');\ncy.contains('button', 'Register').should('be.disabled');\ncy.get('#signupEmail').clear();",
                  "err": {},
                  "uuid": "4b71cfcb-cbc9-4ae1-92e0-dc8b6d6a484c",
                  "parentUUID": "28aa0d49-9f3b-4b1e-a3ce-69d0a6e4a614",
                  "isHook": false,
                  "skipped": false
                },
                {
                  "title": "should show validation error for invalid email: @missingusername.com",
                  "fullTitle": "Registration Fields Validation Email Field should show validation error for invalid email: @missingusername.com",
                  "timedOut": null,
                  "duration": 3622,
                  "state": "passed",
                  "speed": "fast",
                  "pass": true,
                  "fail": false,
                  "pending": false,
                  "context": null,
                  "code": "cy.get('#signupEmail').type(email).blur().should('have.css', 'border-color', 'rgb(220, 53, 69)');\ncy.contains('Email is incorrect').should('be.visible');\ncy.contains('button', 'Register').should('be.disabled');\ncy.get('#signupEmail').clear();",
                  "err": {},
                  "uuid": "33f2c5a8-386c-4e75-9f47-2bf2fd9b5e45",
                  "parentUUID": "28aa0d49-9f3b-4b1e-a3ce-69d0a6e4a614",
                  "isHook": false,
                  "skipped": false
                },
                {
                  "title": "should show validation error for invalid email: username@com",
                  "fullTitle": "Registration Fields Validation Email Field should show validation error for invalid email: username@com",
                  "timedOut": null,
                  "duration": 3560,
                  "state": "passed",
                  "speed": "fast",
                  "pass": true,
                  "fail": false,
                  "pending": false,
                  "context": null,
                  "code": "cy.get('#signupEmail').type(email).blur().should('have.css', 'border-color', 'rgb(220, 53, 69)');\ncy.contains('Email is incorrect').should('be.visible');\ncy.contains('button', 'Register').should('be.disabled');\ncy.get('#signupEmail').clear();",
                  "err": {},
                  "uuid": "070f3bab-128a-4379-86ea-9e0ca6db3819",
                  "parentUUID": "28aa0d49-9f3b-4b1e-a3ce-69d0a6e4a614",
                  "isHook": false,
                  "skipped": false
                },
                {
                  "title": "should show validation error for invalid email: username@yahoo..com",
                  "fullTitle": "Registration Fields Validation Email Field should show validation error for invalid email: username@yahoo..com",
                  "timedOut": null,
                  "duration": 3637,
                  "state": "passed",
                  "speed": "fast",
                  "pass": true,
                  "fail": false,
                  "pending": false,
                  "context": null,
                  "code": "cy.get('#signupEmail').type(email).blur().should('have.css', 'border-color', 'rgb(220, 53, 69)');\ncy.contains('Email is incorrect').should('be.visible');\ncy.contains('button', 'Register').should('be.disabled');\ncy.get('#signupEmail').clear();",
                  "err": {},
                  "uuid": "e1f5a2b1-b618-4d23-8ecc-9061f37cacab",
                  "parentUUID": "28aa0d49-9f3b-4b1e-a3ce-69d0a6e4a614",
                  "isHook": false,
                  "skipped": false
                },
                {
                  "title": "should show red border and validation message when empty",
                  "fullTitle": "Registration Fields Validation Email Field should show red border and validation message when empty",
                  "timedOut": null,
                  "duration": 3179,
                  "state": "passed",
                  "speed": "fast",
                  "pass": true,
                  "fail": false,
                  "pending": false,
                  "context": null,
                  "code": "cy.get('#signupEmail').focus().blur().should('have.css', 'border-color', 'rgb(220, 53, 69)');\ncy.contains('Email required').should('be.visible');\ncy.contains('button', 'Register').should('be.disabled');",
                  "err": {},
                  "uuid": "808a8f0e-1b91-42f1-aff7-d593c4ea234e",
                  "parentUUID": "28aa0d49-9f3b-4b1e-a3ce-69d0a6e4a614",
                  "isHook": false,
                  "skipped": false
                }
              ],
              "suites": [],
              "passes": [
                "4b71cfcb-cbc9-4ae1-92e0-dc8b6d6a484c",
                "33f2c5a8-386c-4e75-9f47-2bf2fd9b5e45",
                "070f3bab-128a-4379-86ea-9e0ca6db3819",
                "e1f5a2b1-b618-4d23-8ecc-9061f37cacab",
                "808a8f0e-1b91-42f1-aff7-d593c4ea234e"
              ],
              "failures": [],
              "pending": [],
              "skipped": [],
              "duration": 17549,
              "root": false,
              "rootEmpty": false,
              "_timeout": 2000
            },
            {
              "uuid": "e5976b9e-0b89-4f20-a69d-1bc60aba2eb9",
              "title": "Password Field",
              "fullFile": "",
              "file": "",
              "beforeHooks": [],
              "afterHooks": [],
              "tests": [
                {
                  "title": "should show validation error when password is less than 8 characters",
                  "fullTitle": "Registration Fields Validation Password Field should show validation error when password is less than 8 characters",
                  "timedOut": null,
                  "duration": 3488,
                  "state": "passed",
                  "speed": "fast",
                  "pass": true,
                  "fail": false,
                  "pending": false,
                  "context": null,
                  "code": "cy.get('#signupPassword').clear().type(testCase.value).blur().should('have.css', 'border-color', 'rgb(220, 53, 69)');\ncy.contains('Password has to be from 8 to 15 characters long and contain at least one integer, one capital, and one small letter').should('be.visible');\ncy.contains('button', 'Register').should('be.disabled');",
                  "err": {},
                  "uuid": "7733e39b-345c-46d5-9bd5-3820a1b0df3a",
                  "parentUUID": "e5976b9e-0b89-4f20-a69d-1bc60aba2eb9",
                  "isHook": false,
                  "skipped": false
                },
                {
                  "title": "should show validation error when password is more than 15 characters",
                  "fullTitle": "Registration Fields Validation Password Field should show validation error when password is more than 15 characters",
                  "timedOut": null,
                  "duration": 3626,
                  "state": "passed",
                  "speed": "fast",
                  "pass": true,
                  "fail": false,
                  "pending": false,
                  "context": null,
                  "code": "cy.get('#signupPassword').clear().type(testCase.value).blur().should('have.css', 'border-color', 'rgb(220, 53, 69)');\ncy.contains('Password has to be from 8 to 15 characters long and contain at least one integer, one capital, and one small letter').should('be.visible');\ncy.contains('button', 'Register').should('be.disabled');",
                  "err": {},
                  "uuid": "760f1cc8-c546-4dde-81cc-bb1ca37a34f1",
                  "parentUUID": "e5976b9e-0b89-4f20-a69d-1bc60aba2eb9",
                  "isHook": false,
                  "skipped": false
                },
                {
                  "title": "should show validation error when password is no capital letter",
                  "fullTitle": "Registration Fields Validation Password Field should show validation error when password is no capital letter",
                  "timedOut": null,
                  "duration": 3480,
                  "state": "passed",
                  "speed": "fast",
                  "pass": true,
                  "fail": false,
                  "pending": false,
                  "context": null,
                  "code": "cy.get('#signupPassword').clear().type(testCase.value).blur().should('have.css', 'border-color', 'rgb(220, 53, 69)');\ncy.contains('Password has to be from 8 to 15 characters long and contain at least one integer, one capital, and one small letter').should('be.visible');\ncy.contains('button', 'Register').should('be.disabled');",
                  "err": {},
                  "uuid": "13f17915-0f20-465f-bbae-dc63a3bbae12",
                  "parentUUID": "e5976b9e-0b89-4f20-a69d-1bc60aba2eb9",
                  "isHook": false,
                  "skipped": false
                },
                {
                  "title": "should show validation error when password is no small letter",
                  "fullTitle": "Registration Fields Validation Password Field should show validation error when password is no small letter",
                  "timedOut": null,
                  "duration": 3484,
                  "state": "passed",
                  "speed": "fast",
                  "pass": true,
                  "fail": false,
                  "pending": false,
                  "context": null,
                  "code": "cy.get('#signupPassword').clear().type(testCase.value).blur().should('have.css', 'border-color', 'rgb(220, 53, 69)');\ncy.contains('Password has to be from 8 to 15 characters long and contain at least one integer, one capital, and one small letter').should('be.visible');\ncy.contains('button', 'Register').should('be.disabled');",
                  "err": {},
                  "uuid": "1a4e9eb4-17fc-4981-a230-c4c797f700f0",
                  "parentUUID": "e5976b9e-0b89-4f20-a69d-1bc60aba2eb9",
                  "isHook": false,
                  "skipped": false
                },
                {
                  "title": "should show validation error when password is no number",
                  "fullTitle": "Registration Fields Validation Password Field should show validation error when password is no number",
                  "timedOut": null,
                  "duration": 3495,
                  "state": "passed",
                  "speed": "fast",
                  "pass": true,
                  "fail": false,
                  "pending": false,
                  "context": null,
                  "code": "cy.get('#signupPassword').clear().type(testCase.value).blur().should('have.css', 'border-color', 'rgb(220, 53, 69)');\ncy.contains('Password has to be from 8 to 15 characters long and contain at least one integer, one capital, and one small letter').should('be.visible');\ncy.contains('button', 'Register').should('be.disabled');",
                  "err": {},
                  "uuid": "1bb6437e-dc04-405a-b32c-f29419204b84",
                  "parentUUID": "e5976b9e-0b89-4f20-a69d-1bc60aba2eb9",
                  "isHook": false,
                  "skipped": false
                },
                {
                  "title": "should show red border and validation message when empty",
                  "fullTitle": "Registration Fields Validation Password Field should show red border and validation message when empty",
                  "timedOut": null,
                  "duration": 3160,
                  "state": "passed",
                  "speed": "fast",
                  "pass": true,
                  "fail": false,
                  "pending": false,
                  "context": null,
                  "code": "cy.get('#signupPassword').focus().blur().should('have.css', 'border-color', 'rgb(220, 53, 69)');\ncy.contains('Password required').should('be.visible');\ncy.contains('button', 'Register').should('be.disabled');",
                  "err": {},
                  "uuid": "df41446f-529c-4de8-bf97-65543bb57f41",
                  "parentUUID": "e5976b9e-0b89-4f20-a69d-1bc60aba2eb9",
                  "isHook": false,
                  "skipped": false
                }
              ],
              "suites": [],
              "passes": [
                "7733e39b-345c-46d5-9bd5-3820a1b0df3a",
                "760f1cc8-c546-4dde-81cc-bb1ca37a34f1",
                "13f17915-0f20-465f-bbae-dc63a3bbae12",
                "1a4e9eb4-17fc-4981-a230-c4c797f700f0",
                "1bb6437e-dc04-405a-b32c-f29419204b84",
                "df41446f-529c-4de8-bf97-65543bb57f41"
              ],
              "failures": [],
              "pending": [],
              "skipped": [],
              "duration": 20733,
              "root": false,
              "rootEmpty": false,
              "_timeout": 2000
            },
            {
              "uuid": "124ff0c9-277f-4974-9166-c184c10ec109",
              "title": "Repeat Password Field",
              "fullFile": "",
              "file": "",
              "beforeHooks": [],
              "afterHooks": [],
              "tests": [
                {
                  "title": "should show error when repeat password does not match password",
                  "fullTitle": "Registration Fields Validation Repeat Password Field should show error when repeat password does not match password",
                  "timedOut": null,
                  "duration": 3673,
                  "state": "passed",
                  "speed": "fast",
                  "pass": true,
                  "fail": false,
                  "pending": false,
                  "context": null,
                  "code": "cy.get('#signupPassword').type('Test1234');\ncy.get('#signupRepeatPassword').type('Different123').blur().should('have.css', 'border-color', 'rgb(220, 53, 69)');\ncy.contains('Passwords do not match').should('be.visible');",
                  "err": {},
                  "uuid": "bd56d3c0-4db9-49c3-84a2-4958c121c15f",
                  "parentUUID": "124ff0c9-277f-4974-9166-c184c10ec109",
                  "isHook": false,
                  "skipped": false
                },
                {
                  "title": "should show red border and validation message when empty",
                  "fullTitle": "Registration Fields Validation Repeat Password Field should show red border and validation message when empty",
                  "timedOut": null,
                  "duration": 3151,
                  "state": "passed",
                  "speed": "fast",
                  "pass": true,
                  "fail": false,
                  "pending": false,
                  "context": null,
                  "code": "cy.get('#signupRepeatPassword').focus().blur().should('have.css', 'border-color', 'rgb(220, 53, 69)');\ncy.contains('Re-enter password required').should('be.visible');\ncy.contains('button', 'Register').should('be.disabled');",
                  "err": {},
                  "uuid": "51f2b97b-5164-442f-87e5-8273a1aba168",
                  "parentUUID": "124ff0c9-277f-4974-9166-c184c10ec109",
                  "isHook": false,
                  "skipped": false
                }
              ],
              "suites": [],
              "passes": [
                "bd56d3c0-4db9-49c3-84a2-4958c121c15f",
                "51f2b97b-5164-442f-87e5-8273a1aba168"
              ],
              "failures": [],
              "pending": [],
              "skipped": [],
              "duration": 6824,
              "root": false,
              "rootEmpty": false,
              "_timeout": 2000
            }
          ],
          "passes": [],
          "failures": [],
          "pending": [],
          "skipped": [],
          "duration": 0,
          "root": false,
          "rootEmpty": false,
          "_timeout": 2000
        }
      ],
      "passes": [],
      "failures": [],
      "pending": [],
      "skipped": [],
      "duration": 0,
      "root": true,
      "rootEmpty": true,
      "_timeout": 2000
    }
  ],
  "meta": {
    "mocha": {
      "version": "7.2.0"
    },
    "mochawesome": {
      "options": {
        "quiet": false,
        "reportFilename": "mochawesome",
        "saveHtml": true,
        "saveJson": true,
        "consoleReporter": "spec",
        "useInlineDiffs": false,
        "code": true
      },
      "version": "7.1.3"
    },
    "marge": {
      "options": {
        "reportDir": "cypress/reports",
        "overwrite": false,
        "html": true,
        "json": true
      },
      "version": "6.2.0"
    }
  }
}