{
  "stats": {
    "suites": 1,
    "tests": 1,
    "passes": 1,
    "pending": 0,
    "failures": 0,
    "start": "2025-07-23T17:31:21.324Z",
    "end": "2025-07-23T17:31:24.863Z",
    "duration": 3539,
    "testsRegistered": 1,
    "passPercent": 100,
    "pendingPercent": 0,
    "other": 0,
    "hasOther": false,
    "skipped": 0,
    "hasSkipped": false
  },
  "results": [
    {
      "uuid": "fd588951-f20a-44c0-9738-b5c87a532ae3",
      "title": "",
      "fullFile": "cypress/e2e/lesson20/addCarandExpenses.cy.js",
      "file": "cypress/e2e/lesson20/addCarandExpenses.cy.js",
      "beforeHooks": [],
      "afterHooks": [],
      "tests": [],
      "suites": [
        {
          "uuid": "98fbb31f-da34-44db-89ac-b0fe5dcc5724",
          "title": "Garage and Fuel Expenses",
          "fullFile": "",
          "file": "",
          "beforeHooks": [],
          "afterHooks": [],
          "tests": [
            {
              "title": "should add car",
              "fullTitle": "Garage and Fuel Expenses should add car",
              "timedOut": null,
              "duration": 3508,
              "state": "passed",
              "speed": "fast",
              "pass": true,
              "fail": false,
              "pending": false,
              "context": null,
              "code": "cy.contains('button', 'Add car').click();\n_garagePage.garagePage.addCar('Audi', 'TT', '12345');\n//cy.contains('button', 'Add fuel expense').click();\n//expensesPage.addExpenses('50', '100');",
              "err": {},
              "uuid": "e77587b7-342d-4d98-93ce-f659c7f70f91",
              "parentUUID": "98fbb31f-da34-44db-89ac-b0fe5dcc5724",
              "isHook": false,
              "skipped": false
            }
          ],
          "suites": [],
          "passes": [
            "e77587b7-342d-4d98-93ce-f659c7f70f91"
          ],
          "failures": [],
          "pending": [],
          "skipped": [],
          "duration": 3508,
          "root": false,
          "rootEmpty": false,
          "_timeout": 2000
        }
      ],
      "passes": [],
      "failures": [],
      "pending": [],
      "skipped": [],
      "duration": 0,
      "root": true,
      "rootEmpty": true,
      "_timeout": 2000
    }
  ],
  "meta": {
    "mocha": {
      "version": "7.2.0"
    },
    "mochawesome": {
      "options": {
        "quiet": false,
        "reportFilename": "mochawesome",
        "saveHtml": true,
        "saveJson": true,
        "consoleReporter": "spec",
        "useInlineDiffs": false,
        "code": true
      },
      "version": "7.1.3"
    },
    "marge": {
      "options": {
        "reportDir": "cypress/reports",
        "overwrite": false,
        "html": true,
        "json": true
      },
      "version": "6.2.0"
    }
  }
}