{
  "stats": {
    "suites": 1,
    "tests": 1,
    "passes": 0,
    "pending": 0,
    "failures": 1,
    "start": "2025-07-23T16:11:45.259Z",
    "end": "2025-07-23T16:11:47.668Z",
    "duration": 2409,
    "testsRegistered": 1,
    "passPercent": 0,
    "pendingPercent": 0,
    "other": 0,
    "hasOther": false,
    "skipped": 0,
    "hasSkipped": false
  },
  "results": [
    {
      "uuid": "4962e0b5-d9d9-4311-ad26-855c8aafc098",
      "title": "",
      "fullFile": "cypress/e2e/lesson20/addCarandExpenses.cy.js",
      "file": "cypress/e2e/lesson20/addCarandExpenses.cy.js",
      "beforeHooks": [],
      "afterHooks": [],
      "tests": [],
      "suites": [
        {
          "uuid": "fd0cad36-cd21-4752-82d6-620690c195fa",
          "title": "Garage and Fuel Expenses",
          "fullFile": "",
          "file": "",
          "beforeHooks": [],
          "afterHooks": [],
          "tests": [
            {
              "title": "should add car and fuel expense",
              "fullTitle": "Garage and Fuel Expenses should add car and fuel expense",
              "timedOut": null,
              "duration": 2373,
              "state": "failed",
              "speed": null,
              "pass": false,
              "fail": true,
              "pending": false,
              "context": null,
              "code": "cy.contains('button', 'Add car').click();\n_garagePage.garagePage.addCar('Audi', 'TT', '12345');\n//expensesPage.addExpenses('50', '100');",
              "err": {
                "message": "TypeError: this.getAddCarButton is not a function",
                "estack": "TypeError: this.getAddCarButton is not a function\n    at GaragePage.addCar (webpack://cyhomework/./cypress/e2e/pages/garagePage.js:20:9)\n    at Context.eval (webpack://cyhomework/./cypress/e2e/lesson20/addCarandExpenses.cy.js:21:17)\n    at runnable.fn (https://qauto.forstudy.space/__cypress/runner/cypress_runner.js:141799:19)\n    at callFn (https://qauto.forstudy.space/__cypress/runner/cypress_runner.js:160877:21)\n    at Runnable.run (https://qauto.forstudy.space/__cypress/runner/cypress_runner.js:160864:7)\n    at <unknown> (https://qauto.forstudy.space/__cypress/runner/cypress_runner.js:166954:30)\n    at PassThroughHandlerContext.finallyHandler (https://qauto.forstudy.space/__cypress/runner/cypress_runner.js:4042:23)\n    at PassThroughHandlerContext.tryCatcher (https://qauto.forstudy.space/__cypress/runner/cypress_runner.js:1777:23)\n    at Promise._settlePromiseFromHandler (https://qauto.forstudy.space/__cypress/runner/cypress_runner.js:1489:31)",
                "diff": null
              },
              "uuid": "9e4fd207-3a28-48c9-8854-31f4e667643e",
              "parentUUID": "fd0cad36-cd21-4752-82d6-620690c195fa",
              "isHook": false,
              "skipped": false
            }
          ],
          "suites": [],
          "passes": [],
          "failures": [
            "9e4fd207-3a28-48c9-8854-31f4e667643e"
          ],
          "pending": [],
          "skipped": [],
          "duration": 2373,
          "root": false,
          "rootEmpty": false,
          "_timeout": 2000
        }
      ],
      "passes": [],
      "failures": [],
      "pending": [],
      "skipped": [],
      "duration": 0,
      "root": true,
      "rootEmpty": true,
      "_timeout": 2000
    }
  ],
  "meta": {
    "mocha": {
      "version": "7.2.0"
    },
    "mochawesome": {
      "options": {
        "quiet": false,
        "reportFilename": "mochawesome",
        "saveHtml": true,
        "saveJson": true,
        "consoleReporter": "spec",
        "useInlineDiffs": false,
        "code": true
      },
      "version": "7.1.3"
    },
    "marge": {
      "options": {
        "reportDir": "cypress/reports",
        "overwrite": false,
        "html": true,
        "json": true
      },
      "version": "6.2.0"
    }
  }
}