{
  "stats": {
    "suites": 1,
    "tests": 2,
    "passes": 1,
    "pending": 0,
    "failures": 1,
    "start": "2025-07-23T17:26:38.742Z",
    "end": "2025-07-23T17:26:43.527Z",
    "duration": 4785,
    "testsRegistered": 2,
    "passPercent": 50,
    "pendingPercent": 0,
    "other": 0,
    "hasOther": false,
    "skipped": 0,
    "hasSkipped": false
  },
  "results": [
    {
      "uuid": "134db5ca-6e07-4938-a2c8-4526ca3b3ee2",
      "title": "",
      "fullFile": "cypress/e2e/lesson20/addCarandExpenses.cy.js",
      "file": "cypress/e2e/lesson20/addCarandExpenses.cy.js",
      "beforeHooks": [],
      "afterHooks": [],
      "tests": [],
      "suites": [
        {
          "uuid": "a3e7812a-c6cb-49f4-b686-bbdc2802e986",
          "title": "Garage and Fuel Expenses",
          "fullFile": "",
          "file": "",
          "beforeHooks": [],
          "afterHooks": [],
          "tests": [
            {
              "title": "should add car and fuel expense",
              "fullTitle": "Garage and Fuel Expenses should add car and fuel expense",
              "timedOut": null,
              "duration": 3406,
              "state": "passed",
              "speed": "fast",
              "pass": true,
              "fail": false,
              "pending": false,
              "context": null,
              "code": "cy.contains('button', 'Add car').click();\n_garagePage.garagePage.addCar('Audi', 'TT', '12345');",
              "err": {},
              "uuid": "8a5dfaec-a1e4-449a-8dee-c828819469fe",
              "parentUUID": "a3e7812a-c6cb-49f4-b686-bbdc2802e986",
              "isHook": false,
              "skipped": false
            },
            {
              "title": "should add fuel expense",
              "fullTitle": "Garage and Fuel Expenses should add fuel expense",
              "timedOut": null,
              "duration": 1315,
              "state": "failed",
              "speed": null,
              "pass": false,
              "fail": true,
              "pending": false,
              "context": null,
              "code": "cy.contains('button', 'Add fuel expense').click();\n_expensesPage.expensesPage.addExpenses('50', '100');",
              "err": {
                "message": "TypeError: Cannot read properties of undefined (reading 'addExpenses')",
                "estack": "TypeError: Cannot read properties of undefined (reading 'addExpenses')\n    at Context.eval (webpack://cyhomework/./cypress/e2e/lesson20/addCarandExpenses.cy.js:26:19)\n    at runnable.fn (https://qauto.forstudy.space/__cypress/runner/cypress_runner.js:141799:19)\n    at callFn (https://qauto.forstudy.space/__cypress/runner/cypress_runner.js:160877:21)\n    at Runnable.run (https://qauto.forstudy.space/__cypress/runner/cypress_runner.js:160864:7)\n    at <unknown> (https://qauto.forstudy.space/__cypress/runner/cypress_runner.js:166954:30)\n    at PassThroughHandlerContext.finallyHandler (https://qauto.forstudy.space/__cypress/runner/cypress_runner.js:4042:23)\n    at PassThroughHandlerContext.tryCatcher (https://qauto.forstudy.space/__cypress/runner/cypress_runner.js:1777:23)\n    at Promise._settlePromiseFromHandler (https://qauto.forstudy.space/__cypress/runner/cypress_runner.js:1489:31)\n    at Promise._settlePromise (https://qauto.forstudy.space/__cypress/runner/cypress_runner.js:1546:18)",
                "diff": null
              },
              "uuid": "e5588ef5-454f-4a91-b3d9-5f5aaf330ba0",
              "parentUUID": "a3e7812a-c6cb-49f4-b686-bbdc2802e986",
              "isHook": false,
              "skipped": false
            }
          ],
          "suites": [],
          "passes": [
            "8a5dfaec-a1e4-449a-8dee-c828819469fe"
          ],
          "failures": [
            "e5588ef5-454f-4a91-b3d9-5f5aaf330ba0"
          ],
          "pending": [],
          "skipped": [],
          "duration": 4721,
          "root": false,
          "rootEmpty": false,
          "_timeout": 2000
        }
      ],
      "passes": [],
      "failures": [],
      "pending": [],
      "skipped": [],
      "duration": 0,
      "root": true,
      "rootEmpty": true,
      "_timeout": 2000
    }
  ],
  "meta": {
    "mocha": {
      "version": "7.2.0"
    },
    "mochawesome": {
      "options": {
        "quiet": false,
        "reportFilename": "mochawesome",
        "saveHtml": true,
        "saveJson": true,
        "consoleReporter": "spec",
        "useInlineDiffs": false,
        "code": true
      },
      "version": "7.1.3"
    },
    "marge": {
      "options": {
        "reportDir": "cypress/reports",
        "overwrite": false,
        "html": true,
        "json": true
      },
      "version": "6.2.0"
    }
  }
}