{
  "stats": {
    "suites": 1,
    "tests": 1,
    "passes": 0,
    "pending": 0,
    "failures": 1,
    "start": "2025-07-23T15:56:02.428Z",
    "end": "2025-07-23T15:56:04.809Z",
    "duration": 2381,
    "testsRegistered": 1,
    "passPercent": 0,
    "pendingPercent": 0,
    "other": 0,
    "hasOther": false,
    "skipped": 0,
    "hasSkipped": false
  },
  "results": [
    {
      "uuid": "924d40f1-1466-49bb-8751-fc660049117a",
      "title": "",
      "fullFile": "cypress/e2e/lesson20/addCarandExpenses.cy.js",
      "file": "cypress/e2e/lesson20/addCarandExpenses.cy.js",
      "beforeHooks": [],
      "afterHooks": [],
      "tests": [],
      "suites": [
        {
          "uuid": "ff255d20-ed38-49fc-ab9a-51e459388c1f",
          "title": "Garage and Fuel Expenses",
          "fullFile": "",
          "file": "",
          "beforeHooks": [],
          "afterHooks": [],
          "tests": [
            {
              "title": "should add car and fuel expense",
              "fullTitle": "Garage and Fuel Expenses should add car and fuel expense",
              "timedOut": null,
              "duration": 2344,
              "state": "failed",
              "speed": null,
              "pass": false,
              "fail": true,
              "pending": false,
              "context": null,
              "code": "_garagePage.garagePage.addCar('Toyota', 'Corolla', '10000');\n_expensesPage.expensesPage.addFuelExpense('50', '100');",
              "err": {
                "message": "TypeError: Cannot read properties of undefined (reading 'addFuelExpense')",
                "estack": "TypeError: Cannot read properties of undefined (reading 'addFuelExpense')\n    at Context.eval (webpack://cyhomework/./cypress/e2e/lesson20/addCarandExpenses.cy.js:21:19)\n    at runnable.fn (https://qauto.forstudy.space/__cypress/runner/cypress_runner.js:141799:19)\n    at callFn (https://qauto.forstudy.space/__cypress/runner/cypress_runner.js:160877:21)\n    at Runnable.run (https://qauto.forstudy.space/__cypress/runner/cypress_runner.js:160864:7)\n    at <unknown> (https://qauto.forstudy.space/__cypress/runner/cypress_runner.js:166954:30)\n    at PassThroughHandlerContext.finallyHandler (https://qauto.forstudy.space/__cypress/runner/cypress_runner.js:4042:23)\n    at PassThroughHandlerContext.tryCatcher (https://qauto.forstudy.space/__cypress/runner/cypress_runner.js:1777:23)\n    at Promise._settlePromiseFromHandler (https://qauto.forstudy.space/__cypress/runner/cypress_runner.js:1489:31)\n    at Promise._settlePromise (https://qauto.forstudy.space/__cypress/runner/cypress_runner.js:1546:18)",
                "diff": null
              },
              "uuid": "b1b2d0e4-8ffa-4ee8-a65d-6043f21705c6",
              "parentUUID": "ff255d20-ed38-49fc-ab9a-51e459388c1f",
              "isHook": false,
              "skipped": false
            }
          ],
          "suites": [],
          "passes": [],
          "failures": [
            "b1b2d0e4-8ffa-4ee8-a65d-6043f21705c6"
          ],
          "pending": [],
          "skipped": [],
          "duration": 2344,
          "root": false,
          "rootEmpty": false,
          "_timeout": 2000
        }
      ],
      "passes": [],
      "failures": [],
      "pending": [],
      "skipped": [],
      "duration": 0,
      "root": true,
      "rootEmpty": true,
      "_timeout": 2000
    }
  ],
  "meta": {
    "mocha": {
      "version": "7.2.0"
    },
    "mochawesome": {
      "options": {
        "quiet": false,
        "reportFilename": "mochawesome",
        "saveHtml": true,
        "saveJson": true,
        "consoleReporter": "spec",
        "useInlineDiffs": false,
        "code": true
      },
      "version": "7.1.3"
    },
    "marge": {
      "options": {
        "reportDir": "cypress/reports",
        "overwrite": false,
        "html": true,
        "json": true
      },
      "version": "6.2.0"
    }
  }
}