{
  "stats": {
    "suites": 1,
    "tests": 1,
    "passes": 0,
    "pending": 0,
    "failures": 1,
    "start": "2025-07-23T17:29:48.105Z",
    "end": "2025-07-23T17:29:50.561Z",
    "duration": 2456,
    "testsRegistered": 1,
    "passPercent": 0,
    "pendingPercent": 0,
    "other": 0,
    "hasOther": false,
    "skipped": 0,
    "hasSkipped": false
  },
  "results": [
    {
      "uuid": "e7186b20-3b32-4b9b-9668-9db1baf69412",
      "title": "",
      "fullFile": "cypress/e2e/lesson20/addCarandExpenses.cy.js",
      "file": "cypress/e2e/lesson20/addCarandExpenses.cy.js",
      "beforeHooks": [],
      "afterHooks": [],
      "tests": [],
      "suites": [
        {
          "uuid": "5f4004e4-7b24-48a3-ba18-8f0da42d78dd",
          "title": "Garage and Fuel Expenses",
          "fullFile": "",
          "file": "",
          "beforeHooks": [],
          "afterHooks": [],
          "tests": [
            {
              "title": "should add car",
              "fullTitle": "Garage and Fuel Expenses should add car",
              "timedOut": null,
              "duration": 2420,
              "state": "failed",
              "speed": null,
              "pass": false,
              "fail": true,
              "pending": false,
              "context": null,
              "code": "cy.contains('button', 'Add car').click();\n_garagePage.garagePage.addCar('Audi', 'TT', '12345');\ncy.contains('button', 'Add fuel expense').click();\n_expensesPage.expensesPage.addExpenses('50', '100');",
              "err": {
                "message": "TypeError: Cannot read properties of undefined (reading 'addExpenses')",
                "estack": "TypeError: Cannot read properties of undefined (reading 'addExpenses')\n    at Context.eval (webpack://cyhomework/./cypress/e2e/lesson20/addCarandExpenses.cy.js:23:19)\n    at runnable.fn (https://qauto.forstudy.space/__cypress/runner/cypress_runner.js:141799:19)\n    at callFn (https://qauto.forstudy.space/__cypress/runner/cypress_runner.js:160877:21)\n    at Runnable.run (https://qauto.forstudy.space/__cypress/runner/cypress_runner.js:160864:7)\n    at <unknown> (https://qauto.forstudy.space/__cypress/runner/cypress_runner.js:166954:30)\n    at PassThroughHandlerContext.finallyHandler (https://qauto.forstudy.space/__cypress/runner/cypress_runner.js:4042:23)\n    at PassThroughHandlerContext.tryCatcher (https://qauto.forstudy.space/__cypress/runner/cypress_runner.js:1777:23)\n    at Promise._settlePromiseFromHandler (https://qauto.forstudy.space/__cypress/runner/cypress_runner.js:1489:31)\n    at Promise._settlePromise (https://qauto.forstudy.space/__cypress/runner/cypress_runner.js:1546:18)",
                "diff": null
              },
              "uuid": "c07792a8-feae-4ddf-ab44-687cd70fdd67",
              "parentUUID": "5f4004e4-7b24-48a3-ba18-8f0da42d78dd",
              "isHook": false,
              "skipped": false
            }
          ],
          "suites": [],
          "passes": [],
          "failures": [
            "c07792a8-feae-4ddf-ab44-687cd70fdd67"
          ],
          "pending": [],
          "skipped": [],
          "duration": 2420,
          "root": false,
          "rootEmpty": false,
          "_timeout": 2000
        }
      ],
      "passes": [],
      "failures": [],
      "pending": [],
      "skipped": [],
      "duration": 0,
      "root": true,
      "rootEmpty": true,
      "_timeout": 2000
    }
  ],
  "meta": {
    "mocha": {
      "version": "7.2.0"
    },
    "mochawesome": {
      "options": {
        "quiet": false,
        "reportFilename": "mochawesome",
        "saveHtml": true,
        "saveJson": true,
        "consoleReporter": "spec",
        "useInlineDiffs": false,
        "code": true
      },
      "version": "7.1.3"
    },
    "marge": {
      "options": {
        "reportDir": "cypress/reports",
        "overwrite": false,
        "html": true,
        "json": true
      },
      "version": "6.2.0"
    }
  }
}